{"C:\\xampp\\htdocs\\boltech\\projeto_entrevista\\api\\src\\core\\Either.ts": {"path":"C:\\xampp\\htdocs\\boltech\\projeto_entrevista\\api\\src\\core\\Either.ts","statementMap":{"0":{"start":{"line":7,"column":4},"end":{"line":7,"column":null}},"1":{"start":{"line":11,"column":4},"end":{"line":11,"column":null}},"2":{"start":{"line":15,"column":4},"end":{"line":15,"column":null}},"3":{"start":{"line":3,"column":0},"end":{"line":3,"column":21}},"4":{"start":{"line":23,"column":4},"end":{"line":23,"column":null}},"5":{"start":{"line":27,"column":4},"end":{"line":27,"column":null}},"6":{"start":{"line":31,"column":4},"end":{"line":31,"column":null}},"7":{"start":{"line":19,"column":0},"end":{"line":19,"column":13}},"8":{"start":{"line":35,"column":20},"end":{"line":37,"column":1}},"9":{"start":{"line":36,"column":2},"end":{"line":36,"column":null}},"10":{"start":{"line":35,"column":13},"end":{"line":35,"column":20}},"11":{"start":{"line":39,"column":21},"end":{"line":41,"column":1}},"12":{"start":{"line":40,"column":2},"end":{"line":40,"column":null}},"13":{"start":{"line":39,"column":13},"end":{"line":39,"column":21}}},"fnMap":{"0":{"name":"(anonymous_0)","decl":{"start":{"line":6,"column":2},"end":{"line":6,"column":14}},"loc":{"start":{"line":6,"column":22},"end":{"line":8,"column":3}}},"1":{"name":"(anonymous_1)","decl":{"start":{"line":10,"column":2},"end":{"line":10,"column":8}},"loc":{"start":{"line":10,"column":8},"end":{"line":12,"column":3}}},"2":{"name":"(anonymous_2)","decl":{"start":{"line":14,"column":2},"end":{"line":14,"column":9}},"loc":{"start":{"line":14,"column":9},"end":{"line":16,"column":3}}},"3":{"name":"(anonymous_3)","decl":{"start":{"line":22,"column":2},"end":{"line":22,"column":14}},"loc":{"start":{"line":22,"column":22},"end":{"line":24,"column":3}}},"4":{"name":"(anonymous_4)","decl":{"start":{"line":26,"column":2},"end":{"line":26,"column":8}},"loc":{"start":{"line":26,"column":8},"end":{"line":28,"column":3}}},"5":{"name":"(anonymous_5)","decl":{"start":{"line":30,"column":2},"end":{"line":30,"column":9}},"loc":{"start":{"line":30,"column":9},"end":{"line":32,"column":3}}},"6":{"name":"(anonymous_6)","decl":{"start":{"line":35,"column":20},"end":{"line":35,"column":27}},"loc":{"start":{"line":35,"column":49},"end":{"line":37,"column":1}}},"7":{"name":"(anonymous_7)","decl":{"start":{"line":39,"column":21},"end":{"line":39,"column":28}},"loc":{"start":{"line":39,"column":50},"end":{"line":41,"column":1}}}},"branchMap":{},"s":{"0":8,"1":0,"2":0,"3":14,"4":14,"5":0,"6":0,"7":14,"8":14,"9":8,"10":14,"11":14,"12":14,"13":14},"f":{"0":8,"1":0,"2":0,"3":14,"4":0,"5":0,"6":8,"7":14},"b":{}}
,"C:\\xampp\\htdocs\\boltech\\projeto_entrevista\\api\\src\\core\\Result.ts": {"path":"C:\\xampp\\htdocs\\boltech\\projeto_entrevista\\api\\src\\core\\Result.ts","statementMap":{"0":{"start":{"line":8,"column":6},"end":{"line":10,"column":null}},"1":{"start":{"line":9,"column":8},"end":{"line":9,"column":null}},"2":{"start":{"line":12,"column":6},"end":{"line":14,"column":null}},"3":{"start":{"line":13,"column":8},"end":{"line":13,"column":null}},"4":{"start":{"line":16,"column":6},"end":{"line":16,"column":null}},"5":{"start":{"line":17,"column":6},"end":{"line":17,"column":null}},"6":{"start":{"line":18,"column":6},"end":{"line":18,"column":null}},"7":{"start":{"line":19,"column":6},"end":{"line":19,"column":null}},"8":{"start":{"line":21,"column":6},"end":{"line":21,"column":null}},"9":{"start":{"line":25,"column":6},"end":{"line":27,"column":null}},"10":{"start":{"line":26,"column":8},"end":{"line":26,"column":null}},"11":{"start":{"line":29,"column":6},"end":{"line":29,"column":null}},"12":{"start":{"line":33,"column":6},"end":{"line":33,"column":null}},"13":{"start":{"line":37,"column":6},"end":{"line":37,"column":null}},"14":{"start":{"line":1,"column":0},"end":{"line":1,"column":21}}},"fnMap":{"0":{"name":"(anonymous_0)","decl":{"start":{"line":7,"column":4},"end":{"line":7,"column":24}},"loc":{"start":{"line":7,"column":80},"end":{"line":22,"column":5}}},"1":{"name":"(anonymous_1)","decl":{"start":{"line":24,"column":11},"end":{"line":24,"column":19}},"loc":{"start":{"line":24,"column":19},"end":{"line":30,"column":5}}},"2":{"name":"(anonymous_2)","decl":{"start":{"line":32,"column":11},"end":{"line":32,"column":17}},"loc":{"start":{"line":32,"column":34},"end":{"line":34,"column":5}}},"3":{"name":"(anonymous_3)","decl":{"start":{"line":36,"column":11},"end":{"line":36,"column":17}},"loc":{"start":{"line":36,"column":37},"end":{"line":38,"column":5}}}},"branchMap":{"0":{"loc":{"start":{"line":8,"column":6},"end":{"line":10,"column":null}},"type":"if","locations":[{"start":{"line":8,"column":6},"end":{"line":10,"column":null}}]},"1":{"loc":{"start":{"line":8,"column":10},"end":{"line":8,"column":28}},"type":"binary-expr","locations":[{"start":{"line":8,"column":10},"end":{"line":8,"column":19}},{"start":{"line":8,"column":23},"end":{"line":8,"column":28}}]},"2":{"loc":{"start":{"line":12,"column":6},"end":{"line":14,"column":null}},"type":"if","locations":[{"start":{"line":12,"column":6},"end":{"line":14,"column":null}}]},"3":{"loc":{"start":{"line":12,"column":10},"end":{"line":12,"column":30}},"type":"binary-expr","locations":[{"start":{"line":12,"column":10},"end":{"line":12,"column":20}},{"start":{"line":12,"column":24},"end":{"line":12,"column":30}}]},"4":{"loc":{"start":{"line":18,"column":19},"end":{"line":18,"column":30}},"type":"binary-expr","locations":[{"start":{"line":18,"column":19},"end":{"line":18,"column":24}},{"start":{"line":18,"column":28},"end":{"line":18,"column":30}}]},"5":{"loc":{"start":{"line":25,"column":6},"end":{"line":27,"column":null}},"type":"if","locations":[{"start":{"line":25,"column":6},"end":{"line":27,"column":null}}]}},"s":{"0":22,"1":0,"2":22,"3":0,"4":22,"5":22,"6":22,"7":22,"8":22,"9":17,"10":8,"11":9,"12":14,"13":0,"14":14},"f":{"0":22,"1":17,"2":14,"3":0},"b":{"0":[0],"1":[22,14],"2":[0],"3":[22,8],"4":[22,14],"5":[8]}}
,"C:\\xampp\\htdocs\\boltech\\projeto_entrevista\\api\\src\\core\\errors\\AppError.ts": {"path":"C:\\xampp\\htdocs\\boltech\\projeto_entrevista\\api\\src\\core\\errors\\AppError.ts","statementMap":{"0":{"start":{"line":1,"column":0},"end":{"line":1,"column":64}},"1":{"start":{"line":2,"column":0},"end":{"line":2,"column":30}},"2":{"start":{"line":4,"column":0},"end":{"line":4,"column":null}},"3":{"start":{"line":8,"column":8},"end":{"line":11,"column":null}},"4":{"start":{"line":15,"column":8},"end":{"line":15,"column":null}},"5":{"start":{"line":6,"column":17},"end":{"line":17,"column":null}},"6":{"start":{"line":21,"column":8},"end":{"line":24,"column":null}},"7":{"start":{"line":28,"column":10},"end":{"line":28,"column":null}},"8":{"start":{"line":19,"column":17},"end":{"line":30,"column":null}},"9":{"start":{"line":34,"column":10},"end":{"line":37,"column":null}},"10":{"start":{"line":41,"column":10},"end":{"line":41,"column":null}},"11":{"start":{"line":32,"column":17},"end":{"line":43,"column":null}},"12":{"start":{"line":47,"column":10},"end":{"line":50,"column":null}},"13":{"start":{"line":54,"column":10},"end":{"line":54,"column":null}},"14":{"start":{"line":45,"column":17},"end":{"line":56,"column":null}},"15":{"start":{"line":60,"column":10},"end":{"line":63,"column":null}},"16":{"start":{"line":67,"column":10},"end":{"line":67,"column":null}},"17":{"start":{"line":58,"column":17},"end":{"line":69,"column":null}}},"fnMap":{"0":{"name":"(anonymous_1)","decl":{"start":{"line":4,"column":0},"end":{"line":4,"column":17}},"loc":{"start":{"line":4,"column":25},"end":{"line":70,"column":3}}},"1":{"name":"(anonymous_2)","decl":{"start":{"line":7,"column":6},"end":{"line":7,"column":19}},"loc":{"start":{"line":7,"column":35},"end":{"line":12,"column":7}}},"2":{"name":"(anonymous_3)","decl":{"start":{"line":14,"column":6},"end":{"line":14,"column":12}},"loc":{"start":{"line":14,"column":37},"end":{"line":16,"column":7}}},"3":{"name":"(anonymous_4)","decl":{"start":{"line":20,"column":6},"end":{"line":20,"column":null}},"loc":{"start":{"line":20,"column":6},"end":{"line":25,"column":7}}},"4":{"name":"(anonymous_5)","decl":{"start":{"line":27,"column":6},"end":{"line":27,"column":12}},"loc":{"start":{"line":27,"column":19},"end":{"line":29,"column":7}}},"5":{"name":"(anonymous_6)","decl":{"start":{"line":33,"column":6},"end":{"line":33,"column":18}},"loc":{"start":{"line":33,"column":37},"end":{"line":38,"column":7}}},"6":{"name":"(anonymous_7)","decl":{"start":{"line":40,"column":6},"end":{"line":40,"column":12}},"loc":{"start":{"line":40,"column":39},"end":{"line":42,"column":7}}},"7":{"name":"(anonymous_8)","decl":{"start":{"line":46,"column":6},"end":{"line":46,"column":18}},"loc":{"start":{"line":46,"column":37},"end":{"line":51,"column":7}}},"8":{"name":"(anonymous_9)","decl":{"start":{"line":53,"column":6},"end":{"line":53,"column":12}},"loc":{"start":{"line":53,"column":39},"end":{"line":55,"column":7}}},"9":{"name":"(anonymous_10)","decl":{"start":{"line":59,"column":6},"end":{"line":59,"column":null}},"loc":{"start":{"line":59,"column":6},"end":{"line":64,"column":7}}},"10":{"name":"(anonymous_11)","decl":{"start":{"line":66,"column":6},"end":{"line":66,"column":12}},"loc":{"start":{"line":66,"column":19},"end":{"line":68,"column":7}}}},"branchMap":{"0":{"loc":{"start":{"line":10,"column":19},"end":{"line":10,"column":62}},"type":"binary-expr","locations":[{"start":{"line":10,"column":19},"end":{"line":10,"column":28}},{"start":{"line":10,"column":32},"end":{"line":10,"column":62}}]},"1":{"loc":{"start":{"line":35,"column":23},"end":{"line":35,"column":83}},"type":"binary-expr","locations":[{"start":{"line":35,"column":23},"end":{"line":35,"column":31}},{"start":{"line":35,"column":35},"end":{"line":35,"column":83}}]},"2":{"loc":{"start":{"line":48,"column":23},"end":{"line":48,"column":89}},"type":"binary-expr","locations":[{"start":{"line":48,"column":23},"end":{"line":48,"column":31}},{"start":{"line":48,"column":35},"end":{"line":48,"column":89}}]},"3":{"loc":{"start":{"line":4,"column":17},"end":{"line":4,"column":null}},"type":"binary-expr","locations":[{"start":{"line":4,"column":17},"end":{"line":4,"column":25}},{"start":{"line":4,"column":17},"end":{"line":4,"column":null}}]}},"s":{"0":14,"1":14,"2":14,"3":0,"4":0,"5":14,"6":0,"7":0,"8":14,"9":0,"10":0,"11":14,"12":6,"13":6,"14":14,"15":2,"16":2,"17":14},"f":{"0":14,"1":0,"2":0,"3":0,"4":0,"5":0,"6":0,"7":6,"8":6,"9":2,"10":2},"b":{"0":[0,0],"1":[0,0],"2":[6,0],"3":[14,14]}}
,"C:\\xampp\\htdocs\\boltech\\projeto_entrevista\\api\\src\\infra\\database\\connection.ts": {"path":"C:\\xampp\\htdocs\\boltech\\projeto_entrevista\\api\\src\\infra\\database\\connection.ts","statementMap":{"0":{"start":{"line":1,"column":0},"end":{"line":1,"column":34}},"1":{"start":{"line":2,"column":0},"end":{"line":2,"column":32}},"2":{"start":{"line":3,"column":0},"end":{"line":3,"column":null}},"3":{"start":{"line":5,"column":12},"end":{"line":5,"column":25}},"4":{"start":{"line":7,"column":11},"end":{"line":16,"column":2}},"5":{"start":{"line":18,"column":0},"end":{"line":18,"column":null}}},"fnMap":{},"branchMap":{},"s":{"0":16,"1":16,"2":16,"3":16,"4":16,"5":16},"f":{},"b":{}}
,"C:\\xampp\\htdocs\\boltech\\projeto_entrevista\\api\\src\\infra\\http\\HttpStatusCode.ts": {"path":"C:\\xampp\\htdocs\\boltech\\projeto_entrevista\\api\\src\\infra\\http\\HttpStatusCode.ts","statementMap":{"0":{"start":{"line":1,"column":0},"end":{"line":1,"column":null}},"1":{"start":{"line":2,"column":4},"end":{"line":2,"column":null}},"2":{"start":{"line":3,"column":4},"end":{"line":3,"column":null}},"3":{"start":{"line":4,"column":4},"end":{"line":4,"column":null}},"4":{"start":{"line":5,"column":4},"end":{"line":5,"column":null}},"5":{"start":{"line":7,"column":4},"end":{"line":7,"column":null}},"6":{"start":{"line":9,"column":4},"end":{"line":9,"column":null}},"7":{"start":{"line":10,"column":4},"end":{"line":10,"column":null}},"8":{"start":{"line":11,"column":4},"end":{"line":11,"column":null}}},"fnMap":{"0":{"name":"(anonymous_0)","decl":{"start":{"line":1,"column":0},"end":{"line":1,"column":12}},"loc":{"start":{"line":1,"column":26},"end":{"line":12,"column":1}}}},"branchMap":{"0":{"loc":{"start":{"line":1,"column":12},"end":{"line":1,"column":null}},"type":"binary-expr","locations":[{"start":{"line":1,"column":12},"end":{"line":1,"column":26}},{"start":{"line":1,"column":12},"end":{"line":1,"column":null}}]}},"s":{"0":14,"1":14,"2":14,"3":14,"4":14,"5":14,"6":14,"7":14,"8":14},"f":{"0":14},"b":{"0":[14,14]}}
,"C:\\xampp\\htdocs\\boltech\\projeto_entrevista\\api\\src\\infra\\jwt\\AuthenticationProviderJWT.ts": {"path":"C:\\xampp\\htdocs\\boltech\\projeto_entrevista\\api\\src\\infra\\jwt\\AuthenticationProviderJWT.ts","statementMap":{"0":{"start":{"line":1,"column":0},"end":{"line":1,"column":46}},"1":{"start":{"line":2,"column":0},"end":{"line":2,"column":40}},"2":{"start":{"line":5,"column":0},"end":{"line":5,"column":53}},"3":{"start":{"line":11,"column":8},"end":{"line":29,"column":null}},"4":{"start":{"line":12,"column":12},"end":{"line":28,"column":null}},"5":{"start":{"line":14,"column":32},"end":{"line":14,"column":70}},"6":{"start":{"line":15,"column":30},"end":{"line":17,"column":18}},"7":{"start":{"line":19,"column":57},"end":{"line":23,"column":null}},"8":{"start":{"line":24,"column":16},"end":{"line":24,"column":null}},"9":{"start":{"line":27,"column":16},"end":{"line":27,"column":null}},"10":{"start":{"line":33,"column":8},"end":{"line":40,"column":null}},"11":{"start":{"line":34,"column":12},"end":{"line":39,"column":null}},"12":{"start":{"line":35,"column":32},"end":{"line":35,"column":49}},"13":{"start":{"line":36,"column":16},"end":{"line":36,"column":null}},"14":{"start":{"line":38,"column":16},"end":{"line":38,"column":null}},"15":{"start":{"line":8,"column":0},"end":{"line":8,"column":21}}},"fnMap":{"0":{"name":"(anonymous_8)","decl":{"start":{"line":10,"column":10},"end":{"line":10,"column":29}},"loc":{"start":{"line":10,"column":51},"end":{"line":30,"column":null}}},"1":{"name":"(anonymous_10)","decl":{"start":{"line":11,"column":27},"end":{"line":11,"column":28}},"loc":{"start":{"line":11,"column":47},"end":{"line":29,"column":9}}},"2":{"name":"(anonymous_11)","decl":{"start":{"line":32,"column":10},"end":{"line":32,"column":22}},"loc":{"start":{"line":32,"column":36},"end":{"line":41,"column":null}}},"3":{"name":"(anonymous_13)","decl":{"start":{"line":33,"column":27},"end":{"line":33,"column":28}},"loc":{"start":{"line":33,"column":47},"end":{"line":40,"column":9}}}},"branchMap":{},"s":{"0":2,"1":2,"2":2,"3":2,"4":2,"5":2,"6":2,"7":2,"8":2,"9":0,"10":0,"11":0,"12":0,"13":0,"14":0,"15":2},"f":{"0":2,"1":2,"2":0,"3":0},"b":{}}
,"C:\\xampp\\htdocs\\boltech\\projeto_entrevista\\api\\src\\infra\\provider\\EncriptPasswordProviderBycript.ts": {"path":"C:\\xampp\\htdocs\\boltech\\projeto_entrevista\\api\\src\\infra\\provider\\EncriptPasswordProviderBycript.ts","statementMap":{"0":{"start":{"line":1,"column":0},"end":{"line":1,"column":32}},"1":{"start":{"line":5,"column":8},"end":{"line":10,"column":null}},"2":{"start":{"line":6,"column":28},"end":{"line":6,"column":81}},"3":{"start":{"line":7,"column":12},"end":{"line":7,"column":null}},"4":{"start":{"line":9,"column":12},"end":{"line":9,"column":null}},"5":{"start":{"line":13,"column":8},"end":{"line":17,"column":null}},"6":{"start":{"line":14,"column":12},"end":{"line":14,"column":null}},"7":{"start":{"line":16,"column":12},"end":{"line":16,"column":null}},"8":{"start":{"line":3,"column":0},"end":{"line":3,"column":21}}},"fnMap":{"0":{"name":"(anonymous_13)","decl":{"start":{"line":4,"column":10},"end":{"line":4,"column":17}},"loc":{"start":{"line":4,"column":65},"end":{"line":11,"column":null}}},"1":{"name":"(anonymous_15)","decl":{"start":{"line":12,"column":10},"end":{"line":12,"column":17}},"loc":{"start":{"line":12,"column":39},"end":{"line":18,"column":null}}}},"branchMap":{},"s":{"0":2,"1":4,"2":4,"3":2,"4":2,"5":0,"6":0,"7":0,"8":2},"f":{"0":4,"1":0},"b":{}}
,"C:\\xampp\\htdocs\\boltech\\projeto_entrevista\\api\\src\\infra\\repository\\Authentication\\AuthenticationRepositorySQL.ts": {"path":"C:\\xampp\\htdocs\\boltech\\projeto_entrevista\\api\\src\\infra\\repository\\Authentication\\AuthenticationRepositorySQL.ts","statementMap":{"0":{"start":{"line":3,"column":0},"end":{"line":3,"column":51}},"1":{"start":{"line":8,"column":8},"end":{"line":13,"column":null}},"2":{"start":{"line":9,"column":27},"end":{"line":9,"column":98}},"3":{"start":{"line":10,"column":11},"end":{"line":10,"column":22}},"4":{"start":{"line":12,"column":12},"end":{"line":12,"column":null}},"5":{"start":{"line":5,"column":0},"end":{"line":5,"column":21}}},"fnMap":{"0":{"name":"(anonymous_8)","decl":{"start":{"line":7,"column":10},"end":{"line":7,"column":21}},"loc":{"start":{"line":7,"column":35},"end":{"line":14,"column":null}}}},"branchMap":{},"s":{"0":4,"1":0,"2":0,"3":0,"4":0,"5":4},"f":{"0":0},"b":{}}
,"C:\\xampp\\htdocs\\boltech\\projeto_entrevista\\api\\src\\infra\\repository\\Project\\ProjectRepositorySQL.ts": {"path":"C:\\xampp\\htdocs\\boltech\\projeto_entrevista\\api\\src\\infra\\repository\\Project\\ProjectRepositorySQL.ts","statementMap":{"0":{"start":{"line":1,"column":0},"end":{"line":1,"column":36}},"1":{"start":{"line":4,"column":0},"end":{"line":4,"column":51}},"2":{"start":{"line":9,"column":8},"end":{"line":13,"column":null}},"3":{"start":{"line":10,"column":12},"end":{"line":10,"column":null}},"4":{"start":{"line":12,"column":12},"end":{"line":12,"column":null}},"5":{"start":{"line":17,"column":8},"end":{"line":26,"column":null}},"6":{"start":{"line":18,"column":30},"end":{"line":18,"column":98}},"7":{"start":{"line":19,"column":27},"end":{"line":19,"column":133}},"8":{"start":{"line":20,"column":12},"end":{"line":22,"column":null}},"9":{"start":{"line":25,"column":12},"end":{"line":25,"column":null}},"10":{"start":{"line":30,"column":8},"end":{"line":39,"column":null}},"11":{"start":{"line":31,"column":12},"end":{"line":31,"column":35}},"12":{"start":{"line":32,"column":40},"end":{"line":32,"column":44}},"13":{"start":{"line":33,"column":12},"end":{"line":36,"column":null}},"14":{"start":{"line":38,"column":12},"end":{"line":38,"column":null}},"15":{"start":{"line":43,"column":8},"end":{"line":52,"column":null}},"16":{"start":{"line":44,"column":12},"end":{"line":44,"column":35}},"17":{"start":{"line":45,"column":40},"end":{"line":45,"column":44}},"18":{"start":{"line":46,"column":12},"end":{"line":49,"column":null}},"19":{"start":{"line":51,"column":12},"end":{"line":51,"column":null}},"20":{"start":{"line":56,"column":8},"end":{"line":60,"column":null}},"21":{"start":{"line":57,"column":12},"end":{"line":57,"column":null}},"22":{"start":{"line":59,"column":12},"end":{"line":59,"column":null}},"23":{"start":{"line":6,"column":0},"end":{"line":6,"column":21}}},"fnMap":{"0":{"name":"(anonymous_8)","decl":{"start":{"line":8,"column":10},"end":{"line":8,"column":15}},"loc":{"start":{"line":8,"column":29},"end":{"line":14,"column":null}}},"1":{"name":"(anonymous_10)","decl":{"start":{"line":16,"column":10},"end":{"line":16,"column":14}},"loc":{"start":{"line":16,"column":25},"end":{"line":27,"column":null}}},"2":{"name":"(anonymous_12)","decl":{"start":{"line":29,"column":10},"end":{"line":29,"column":14}},"loc":{"start":{"line":29,"column":37},"end":{"line":40,"column":null}}},"3":{"name":"(anonymous_14)","decl":{"start":{"line":42,"column":10},"end":{"line":42,"column":16}},"loc":{"start":{"line":42,"column":51},"end":{"line":53,"column":null}}},"4":{"name":"(anonymous_16)","decl":{"start":{"line":55,"column":10},"end":{"line":55,"column":17}},"loc":{"start":{"line":55,"column":28},"end":{"line":61,"column":null}}}},"branchMap":{},"s":{"0":8,"1":8,"2":0,"3":0,"4":0,"5":0,"6":0,"7":0,"8":0,"9":0,"10":0,"11":0,"12":0,"13":0,"14":0,"15":0,"16":0,"17":0,"18":0,"19":0,"20":0,"21":0,"22":0,"23":8},"f":{"0":0,"1":0,"2":0,"3":0,"4":0},"b":{}}
,"C:\\xampp\\htdocs\\boltech\\projeto_entrevista\\api\\src\\infra\\repository\\Task\\TaskRepositorySQL.ts": {"path":"C:\\xampp\\htdocs\\boltech\\projeto_entrevista\\api\\src\\infra\\repository\\Task\\TaskRepositorySQL.ts","statementMap":{"0":{"start":{"line":1,"column":0},"end":{"line":1,"column":36}},"1":{"start":{"line":4,"column":0},"end":{"line":4,"column":51}},"2":{"start":{"line":9,"column":8},"end":{"line":13,"column":null}},"3":{"start":{"line":10,"column":12},"end":{"line":10,"column":null}},"4":{"start":{"line":12,"column":12},"end":{"line":12,"column":null}},"5":{"start":{"line":17,"column":8},"end":{"line":26,"column":null}},"6":{"start":{"line":18,"column":26},"end":{"line":18,"column":91}},"7":{"start":{"line":19,"column":25},"end":{"line":19,"column":100}},"8":{"start":{"line":20,"column":12},"end":{"line":22,"column":null}},"9":{"start":{"line":25,"column":12},"end":{"line":25,"column":null}},"10":{"start":{"line":30,"column":8},"end":{"line":39,"column":null}},"11":{"start":{"line":31,"column":12},"end":{"line":31,"column":35}},"12":{"start":{"line":32,"column":43},"end":{"line":32,"column":47}},"13":{"start":{"line":33,"column":12},"end":{"line":36,"column":null}},"14":{"start":{"line":38,"column":12},"end":{"line":38,"column":null}},"15":{"start":{"line":43,"column":8},"end":{"line":52,"column":null}},"16":{"start":{"line":44,"column":43},"end":{"line":44,"column":106}},"17":{"start":{"line":45,"column":39},"end":{"line":45,"column":61}},"18":{"start":{"line":46,"column":12},"end":{"line":49,"column":null}},"19":{"start":{"line":51,"column":12},"end":{"line":51,"column":null}},"20":{"start":{"line":56,"column":8},"end":{"line":60,"column":null}},"21":{"start":{"line":57,"column":12},"end":{"line":57,"column":null}},"22":{"start":{"line":59,"column":12},"end":{"line":59,"column":null}},"23":{"start":{"line":6,"column":0},"end":{"line":6,"column":21}}},"fnMap":{"0":{"name":"(anonymous_8)","decl":{"start":{"line":8,"column":10},"end":{"line":8,"column":15}},"loc":{"start":{"line":8,"column":15},"end":{"line":14,"column":null}}},"1":{"name":"(anonymous_10)","decl":{"start":{"line":16,"column":10},"end":{"line":16,"column":14}},"loc":{"start":{"line":16,"column":25},"end":{"line":27,"column":null}}},"2":{"name":"(anonymous_12)","decl":{"start":{"line":29,"column":10},"end":{"line":29,"column":14}},"loc":{"start":{"line":29,"column":34},"end":{"line":40,"column":null}}},"3":{"name":"(anonymous_14)","decl":{"start":{"line":42,"column":10},"end":{"line":42,"column":16}},"loc":{"start":{"line":42,"column":48},"end":{"line":53,"column":null}}},"4":{"name":"(anonymous_16)","decl":{"start":{"line":55,"column":10},"end":{"line":55,"column":17}},"loc":{"start":{"line":55,"column":28},"end":{"line":61,"column":null}}}},"branchMap":{},"s":{"0":4,"1":4,"2":0,"3":0,"4":0,"5":0,"6":0,"7":0,"8":0,"9":0,"10":0,"11":0,"12":0,"13":0,"14":0,"15":0,"16":0,"17":0,"18":0,"19":0,"20":0,"21":0,"22":0,"23":4},"f":{"0":0,"1":0,"2":0,"3":0,"4":0},"b":{}}
,"C:\\xampp\\htdocs\\boltech\\projeto_entrevista\\api\\src\\usecase\\Authentication\\AuthenticationUseCase.ts": {"path":"C:\\xampp\\htdocs\\boltech\\projeto_entrevista\\api\\src\\usecase\\Authentication\\AuthenticationUseCase.ts","statementMap":{"0":{"start":{"line":1,"column":0},"end":{"line":1,"column":55}},"1":{"start":{"line":2,"column":0},"end":{"line":2,"column":53}},"2":{"start":{"line":3,"column":0},"end":{"line":3,"column":38}},"3":{"start":{"line":24,"column":8},"end":{"line":24,"column":null}},"4":{"start":{"line":25,"column":8},"end":{"line":25,"column":null}},"5":{"start":{"line":26,"column":8},"end":{"line":26,"column":null}},"6":{"start":{"line":30,"column":8},"end":{"line":66,"column":null}},"7":{"start":{"line":32,"column":35},"end":{"line":32,"column":37}},"8":{"start":{"line":34,"column":12},"end":{"line":35,"column":null}},"9":{"start":{"line":35,"column":16},"end":{"line":35,"column":null}},"10":{"start":{"line":37,"column":12},"end":{"line":38,"column":null}},"11":{"start":{"line":38,"column":16},"end":{"line":38,"column":null}},"12":{"start":{"line":40,"column":12},"end":{"line":42,"column":null}},"13":{"start":{"line":41,"column":16},"end":{"line":41,"column":null}},"14":{"start":{"line":44,"column":25},"end":{"line":44,"column":77}},"15":{"start":{"line":46,"column":12},"end":{"line":48,"column":null}},"16":{"start":{"line":47,"column":16},"end":{"line":47,"column":null}},"17":{"start":{"line":50,"column":28},"end":{"line":50,"column":107}},"18":{"start":{"line":52,"column":12},"end":{"line":54,"column":null}},"19":{"start":{"line":53,"column":16},"end":{"line":53,"column":null}},"20":{"start":{"line":56,"column":38},"end":{"line":56,"column":42}},"21":{"start":{"line":57,"column":32},"end":{"line":61,"column":14}},"22":{"start":{"line":62,"column":12},"end":{"line":62,"column":null}},"23":{"start":{"line":65,"column":12},"end":{"line":65,"column":null}},"24":{"start":{"line":13,"column":0},"end":{"line":13,"column":21}}},"fnMap":{"0":{"name":"(anonymous_8)","decl":{"start":{"line":19,"column":4},"end":{"line":19,"column":null}},"loc":{"start":{"line":22,"column":56},"end":{"line":27,"column":5}}},"1":{"name":"(anonymous_9)","decl":{"start":{"line":29,"column":10},"end":{"line":29,"column":17}},"loc":{"start":{"line":29,"column":56},"end":{"line":67,"column":null}}}},"branchMap":{"0":{"loc":{"start":{"line":34,"column":12},"end":{"line":35,"column":null}},"type":"if","locations":[{"start":{"line":34,"column":12},"end":{"line":35,"column":null}}]},"1":{"loc":{"start":{"line":37,"column":12},"end":{"line":38,"column":null}},"type":"if","locations":[{"start":{"line":37,"column":12},"end":{"line":38,"column":null}}]},"2":{"loc":{"start":{"line":40,"column":12},"end":{"line":42,"column":null}},"type":"if","locations":[{"start":{"line":40,"column":12},"end":{"line":42,"column":null}}]},"3":{"loc":{"start":{"line":46,"column":12},"end":{"line":48,"column":null}},"type":"if","locations":[{"start":{"line":46,"column":12},"end":{"line":48,"column":null}}]},"4":{"loc":{"start":{"line":52,"column":12},"end":{"line":54,"column":null}},"type":"if","locations":[{"start":{"line":52,"column":12},"end":{"line":54,"column":null}}]}},"s":{"0":2,"1":2,"2":2,"3":10,"4":10,"5":10,"6":10,"7":10,"8":10,"9":4,"10":10,"11":4,"12":10,"13":6,"14":4,"15":4,"16":0,"17":4,"18":2,"19":0,"20":2,"21":2,"22":2,"23":2,"24":2},"f":{"0":10,"1":10},"b":{"0":[4],"1":[4],"2":[6],"3":[0],"4":[0]}}
,"C:\\xampp\\htdocs\\boltech\\projeto_entrevista\\api\\src\\usecase\\Project\\DestroyProjectUseCase.ts": {"path":"C:\\xampp\\htdocs\\boltech\\projeto_entrevista\\api\\src\\usecase\\Project\\DestroyProjectUseCase.ts","statementMap":{"0":{"start":{"line":1,"column":0},"end":{"line":1,"column":55}},"1":{"start":{"line":3,"column":0},"end":{"line":3,"column":53}},"2":{"start":{"line":5,"column":0},"end":{"line":5,"column":38}},"3":{"start":{"line":14,"column":8},"end":{"line":14,"column":null}},"4":{"start":{"line":18,"column":8},"end":{"line":23,"column":null}},"5":{"start":{"line":19,"column":12},"end":{"line":19,"column":null}},"6":{"start":{"line":20,"column":12},"end":{"line":20,"column":null}},"7":{"start":{"line":22,"column":12},"end":{"line":22,"column":null}},"8":{"start":{"line":9,"column":0},"end":{"line":9,"column":21}}},"fnMap":{"0":{"name":"(anonymous_8)","decl":{"start":{"line":13,"column":4},"end":{"line":13,"column":16}},"loc":{"start":{"line":13,"column":65},"end":{"line":15,"column":5}}},"1":{"name":"(anonymous_9)","decl":{"start":{"line":17,"column":10},"end":{"line":17,"column":17}},"loc":{"start":{"line":17,"column":28},"end":{"line":24,"column":null}}}},"branchMap":{},"s":{"0":2,"1":2,"2":2,"3":2,"4":2,"5":2,"6":2,"7":0,"8":2},"f":{"0":2,"1":2},"b":{}}
,"C:\\xampp\\htdocs\\boltech\\projeto_entrevista\\api\\src\\usecase\\Project\\IndexProjectUseCase.ts": {"path":"C:\\xampp\\htdocs\\boltech\\projeto_entrevista\\api\\src\\usecase\\Project\\IndexProjectUseCase.ts","statementMap":{"0":{"start":{"line":1,"column":0},"end":{"line":1,"column":55}},"1":{"start":{"line":3,"column":0},"end":{"line":3,"column":53}},"2":{"start":{"line":5,"column":0},"end":{"line":5,"column":38}},"3":{"start":{"line":14,"column":8},"end":{"line":14,"column":null}},"4":{"start":{"line":18,"column":8},"end":{"line":23,"column":null}},"5":{"start":{"line":19,"column":25},"end":{"line":19,"column":62}},"6":{"start":{"line":20,"column":12},"end":{"line":20,"column":null}},"7":{"start":{"line":22,"column":12},"end":{"line":22,"column":null}},"8":{"start":{"line":9,"column":0},"end":{"line":9,"column":21}}},"fnMap":{"0":{"name":"(anonymous_8)","decl":{"start":{"line":13,"column":4},"end":{"line":13,"column":16}},"loc":{"start":{"line":13,"column":65},"end":{"line":15,"column":5}}},"1":{"name":"(anonymous_9)","decl":{"start":{"line":17,"column":10},"end":{"line":17,"column":17}},"loc":{"start":{"line":17,"column":31},"end":{"line":24,"column":null}}}},"branchMap":{},"s":{"0":2,"1":2,"2":2,"3":2,"4":2,"5":2,"6":2,"7":0,"8":2},"f":{"0":2,"1":2},"b":{}}
,"C:\\xampp\\htdocs\\boltech\\projeto_entrevista\\api\\src\\usecase\\Project\\SaveProjectUseCase.ts": {"path":"C:\\xampp\\htdocs\\boltech\\projeto_entrevista\\api\\src\\usecase\\Project\\SaveProjectUseCase.ts","statementMap":{"0":{"start":{"line":1,"column":0},"end":{"line":1,"column":55}},"1":{"start":{"line":3,"column":0},"end":{"line":3,"column":53}},"2":{"start":{"line":5,"column":0},"end":{"line":5,"column":38}},"3":{"start":{"line":14,"column":8},"end":{"line":14,"column":null}},"4":{"start":{"line":18,"column":8},"end":{"line":34,"column":null}},"5":{"start":{"line":20,"column":45},"end":{"line":20,"column":47}},"6":{"start":{"line":22,"column":12},"end":{"line":24,"column":null}},"7":{"start":{"line":23,"column":16},"end":{"line":23,"column":null}},"8":{"start":{"line":26,"column":12},"end":{"line":28,"column":null}},"9":{"start":{"line":27,"column":16},"end":{"line":27,"column":null}},"10":{"start":{"line":30,"column":24},"end":{"line":30,"column":56}},"11":{"start":{"line":31,"column":12},"end":{"line":31,"column":null}},"12":{"start":{"line":33,"column":12},"end":{"line":33,"column":null}},"13":{"start":{"line":9,"column":0},"end":{"line":9,"column":21}}},"fnMap":{"0":{"name":"(anonymous_8)","decl":{"start":{"line":13,"column":4},"end":{"line":13,"column":16}},"loc":{"start":{"line":13,"column":65},"end":{"line":15,"column":5}}},"1":{"name":"(anonymous_9)","decl":{"start":{"line":17,"column":10},"end":{"line":17,"column":17}},"loc":{"start":{"line":17,"column":40},"end":{"line":35,"column":null}}}},"branchMap":{"0":{"loc":{"start":{"line":22,"column":12},"end":{"line":24,"column":null}},"type":"if","locations":[{"start":{"line":22,"column":12},"end":{"line":24,"column":null}}]},"1":{"loc":{"start":{"line":26,"column":12},"end":{"line":28,"column":null}},"type":"if","locations":[{"start":{"line":26,"column":12},"end":{"line":28,"column":null}}]}},"s":{"0":2,"1":2,"2":2,"3":2,"4":2,"5":2,"6":2,"7":0,"8":2,"9":0,"10":2,"11":2,"12":0,"13":2},"f":{"0":2,"1":2},"b":{"0":[0],"1":[0]}}
,"C:\\xampp\\htdocs\\boltech\\projeto_entrevista\\api\\src\\usecase\\Project\\UpdateProjectUseCase.ts": {"path":"C:\\xampp\\htdocs\\boltech\\projeto_entrevista\\api\\src\\usecase\\Project\\UpdateProjectUseCase.ts","statementMap":{"0":{"start":{"line":1,"column":0},"end":{"line":1,"column":55}},"1":{"start":{"line":3,"column":0},"end":{"line":3,"column":53}},"2":{"start":{"line":5,"column":0},"end":{"line":5,"column":38}},"3":{"start":{"line":14,"column":8},"end":{"line":14,"column":null}},"4":{"start":{"line":18,"column":8},"end":{"line":23,"column":null}},"5":{"start":{"line":19,"column":24},"end":{"line":19,"column":62}},"6":{"start":{"line":20,"column":12},"end":{"line":20,"column":null}},"7":{"start":{"line":22,"column":12},"end":{"line":22,"column":null}},"8":{"start":{"line":9,"column":0},"end":{"line":9,"column":21}}},"fnMap":{"0":{"name":"(anonymous_8)","decl":{"start":{"line":13,"column":4},"end":{"line":13,"column":16}},"loc":{"start":{"line":13,"column":65},"end":{"line":15,"column":5}}},"1":{"name":"(anonymous_9)","decl":{"start":{"line":17,"column":10},"end":{"line":17,"column":17}},"loc":{"start":{"line":17,"column":52},"end":{"line":24,"column":null}}}},"branchMap":{},"s":{"0":2,"1":2,"2":2,"3":2,"4":2,"5":2,"6":2,"7":0,"8":2},"f":{"0":2,"1":2},"b":{}}
,"C:\\xampp\\htdocs\\boltech\\projeto_entrevista\\api\\src\\usecase\\Task\\DestroyTaskUseCase.ts": {"path":"C:\\xampp\\htdocs\\boltech\\projeto_entrevista\\api\\src\\usecase\\Task\\DestroyTaskUseCase.ts","statementMap":{"0":{"start":{"line":1,"column":0},"end":{"line":1,"column":55}},"1":{"start":{"line":3,"column":0},"end":{"line":3,"column":53}},"2":{"start":{"line":5,"column":0},"end":{"line":5,"column":38}},"3":{"start":{"line":14,"column":8},"end":{"line":14,"column":null}},"4":{"start":{"line":18,"column":8},"end":{"line":23,"column":null}},"5":{"start":{"line":19,"column":12},"end":{"line":19,"column":null}},"6":{"start":{"line":20,"column":12},"end":{"line":20,"column":null}},"7":{"start":{"line":22,"column":12},"end":{"line":22,"column":null}},"8":{"start":{"line":9,"column":0},"end":{"line":9,"column":21}}},"fnMap":{"0":{"name":"(anonymous_8)","decl":{"start":{"line":13,"column":4},"end":{"line":13,"column":16}},"loc":{"start":{"line":13,"column":62},"end":{"line":15,"column":5}}},"1":{"name":"(anonymous_9)","decl":{"start":{"line":17,"column":10},"end":{"line":17,"column":17}},"loc":{"start":{"line":17,"column":28},"end":{"line":24,"column":null}}}},"branchMap":{},"s":{"0":1,"1":1,"2":1,"3":1,"4":1,"5":1,"6":1,"7":0,"8":1},"f":{"0":1,"1":1},"b":{}}
,"C:\\xampp\\htdocs\\boltech\\projeto_entrevista\\api\\src\\usecase\\Task\\IndexTaskUseCase.ts": {"path":"C:\\xampp\\htdocs\\boltech\\projeto_entrevista\\api\\src\\usecase\\Task\\IndexTaskUseCase.ts","statementMap":{"0":{"start":{"line":1,"column":0},"end":{"line":1,"column":55}},"1":{"start":{"line":3,"column":0},"end":{"line":3,"column":53}},"2":{"start":{"line":5,"column":0},"end":{"line":5,"column":38}},"3":{"start":{"line":14,"column":8},"end":{"line":14,"column":null}},"4":{"start":{"line":18,"column":8},"end":{"line":23,"column":null}},"5":{"start":{"line":19,"column":25},"end":{"line":19,"column":54}},"6":{"start":{"line":20,"column":12},"end":{"line":20,"column":null}},"7":{"start":{"line":22,"column":12},"end":{"line":22,"column":null}},"8":{"start":{"line":9,"column":0},"end":{"line":9,"column":21}}},"fnMap":{"0":{"name":"(anonymous_8)","decl":{"start":{"line":13,"column":4},"end":{"line":13,"column":16}},"loc":{"start":{"line":13,"column":62},"end":{"line":15,"column":5}}},"1":{"name":"(anonymous_9)","decl":{"start":{"line":17,"column":10},"end":{"line":17,"column":17}},"loc":{"start":{"line":17,"column":17},"end":{"line":24,"column":null}}}},"branchMap":{},"s":{"0":1,"1":1,"2":1,"3":1,"4":1,"5":1,"6":1,"7":0,"8":1},"f":{"0":1,"1":1},"b":{}}
,"C:\\xampp\\htdocs\\boltech\\projeto_entrevista\\api\\src\\usecase\\Task\\SaveTaskUseCase.ts": {"path":"C:\\xampp\\htdocs\\boltech\\projeto_entrevista\\api\\src\\usecase\\Task\\SaveTaskUseCase.ts","statementMap":{"0":{"start":{"line":1,"column":0},"end":{"line":1,"column":55}},"1":{"start":{"line":3,"column":0},"end":{"line":3,"column":53}},"2":{"start":{"line":5,"column":0},"end":{"line":5,"column":38}},"3":{"start":{"line":14,"column":8},"end":{"line":14,"column":null}},"4":{"start":{"line":18,"column":8},"end":{"line":38,"column":null}},"5":{"start":{"line":20,"column":45},"end":{"line":20,"column":47}},"6":{"start":{"line":22,"column":12},"end":{"line":24,"column":null}},"7":{"start":{"line":23,"column":16},"end":{"line":23,"column":null}},"8":{"start":{"line":26,"column":12},"end":{"line":28,"column":null}},"9":{"start":{"line":27,"column":16},"end":{"line":27,"column":null}},"10":{"start":{"line":30,"column":12},"end":{"line":32,"column":null}},"11":{"start":{"line":31,"column":16},"end":{"line":31,"column":null}},"12":{"start":{"line":34,"column":24},"end":{"line":34,"column":56}},"13":{"start":{"line":35,"column":12},"end":{"line":35,"column":null}},"14":{"start":{"line":37,"column":12},"end":{"line":37,"column":null}},"15":{"start":{"line":9,"column":0},"end":{"line":9,"column":21}}},"fnMap":{"0":{"name":"(anonymous_8)","decl":{"start":{"line":13,"column":4},"end":{"line":13,"column":16}},"loc":{"start":{"line":13,"column":62},"end":{"line":15,"column":5}}},"1":{"name":"(anonymous_9)","decl":{"start":{"line":17,"column":10},"end":{"line":17,"column":17}},"loc":{"start":{"line":17,"column":37},"end":{"line":39,"column":null}}}},"branchMap":{"0":{"loc":{"start":{"line":22,"column":12},"end":{"line":24,"column":null}},"type":"if","locations":[{"start":{"line":22,"column":12},"end":{"line":24,"column":null}}]},"1":{"loc":{"start":{"line":26,"column":12},"end":{"line":28,"column":null}},"type":"if","locations":[{"start":{"line":26,"column":12},"end":{"line":28,"column":null}}]},"2":{"loc":{"start":{"line":30,"column":12},"end":{"line":32,"column":null}},"type":"if","locations":[{"start":{"line":30,"column":12},"end":{"line":32,"column":null}}]}},"s":{"0":1,"1":1,"2":1,"3":1,"4":1,"5":1,"6":1,"7":0,"8":1,"9":0,"10":1,"11":0,"12":1,"13":1,"14":0,"15":1},"f":{"0":1,"1":1},"b":{"0":[0],"1":[0],"2":[0]}}
,"C:\\xampp\\htdocs\\boltech\\projeto_entrevista\\api\\src\\usecase\\Task\\UpdateTaskUseCase.ts": {"path":"C:\\xampp\\htdocs\\boltech\\projeto_entrevista\\api\\src\\usecase\\Task\\UpdateTaskUseCase.ts","statementMap":{"0":{"start":{"line":1,"column":0},"end":{"line":1,"column":55}},"1":{"start":{"line":3,"column":0},"end":{"line":3,"column":53}},"2":{"start":{"line":5,"column":0},"end":{"line":5,"column":38}},"3":{"start":{"line":14,"column":8},"end":{"line":14,"column":null}},"4":{"start":{"line":18,"column":8},"end":{"line":23,"column":null}},"5":{"start":{"line":19,"column":24},"end":{"line":19,"column":62}},"6":{"start":{"line":20,"column":12},"end":{"line":20,"column":null}},"7":{"start":{"line":22,"column":12},"end":{"line":22,"column":null}},"8":{"start":{"line":9,"column":0},"end":{"line":9,"column":21}}},"fnMap":{"0":{"name":"(anonymous_8)","decl":{"start":{"line":13,"column":4},"end":{"line":13,"column":16}},"loc":{"start":{"line":13,"column":62},"end":{"line":15,"column":5}}},"1":{"name":"(anonymous_9)","decl":{"start":{"line":17,"column":10},"end":{"line":17,"column":17}},"loc":{"start":{"line":17,"column":49},"end":{"line":24,"column":null}}}},"branchMap":{},"s":{"0":1,"1":1,"2":1,"3":1,"4":1,"5":1,"6":1,"7":0,"8":1},"f":{"0":1,"1":1},"b":{}}
}
