TN:
SF:src\core\Either.ts
FN:6,(anonymous_0)
FN:10,(anonymous_1)
FN:14,(anonymous_2)
FN:22,(anonymous_3)
FN:26,(anonymous_4)
FN:30,(anonymous_5)
FN:35,(anonymous_6)
FN:39,(anonymous_7)
FNF:8
FNH:4
FNDA:8,(anonymous_0)
FNDA:0,(anonymous_1)
FNDA:0,(anonymous_2)
FNDA:14,(anonymous_3)
FNDA:0,(anonymous_4)
FNDA:0,(anonymous_5)
FNDA:8,(anonymous_6)
FNDA:14,(anonymous_7)
DA:3,14
DA:7,8
DA:11,0
DA:15,0
DA:19,14
DA:23,14
DA:27,0
DA:31,0
DA:35,14
DA:36,8
DA:39,14
DA:40,14
LF:12
LH:8
BRF:0
BRH:0
end_of_record
TN:
SF:src\core\Result.ts
FN:7,(anonymous_0)
FN:24,(anonymous_1)
FN:32,(anonymous_2)
FN:36,(anonymous_3)
FNF:4
FNH:3
FNDA:22,(anonymous_0)
FNDA:17,(anonymous_1)
FNDA:14,(anonymous_2)
FNDA:0,(anonymous_3)
DA:1,14
DA:8,22
DA:9,0
DA:12,22
DA:13,0
DA:16,22
DA:17,22
DA:18,22
DA:19,22
DA:21,22
DA:25,17
DA:26,8
DA:29,9
DA:33,14
DA:37,0
LF:15
LH:12
BRDA:8,0,0,0
BRDA:8,1,0,22
BRDA:8,1,1,14
BRDA:12,2,0,0
BRDA:12,3,0,22
BRDA:12,3,1,8
BRDA:18,4,0,22
BRDA:18,4,1,14
BRDA:25,5,0,8
BRF:9
BRH:7
end_of_record
TN:
SF:src\core\errors\AppError.ts
FN:4,(anonymous_1)
FN:7,(anonymous_2)
FN:14,(anonymous_3)
FN:20,(anonymous_4)
FN:27,(anonymous_5)
FN:33,(anonymous_6)
FN:40,(anonymous_7)
FN:46,(anonymous_8)
FN:53,(anonymous_9)
FN:59,(anonymous_10)
FN:66,(anonymous_11)
FNF:11
FNH:5
FNDA:14,(anonymous_1)
FNDA:0,(anonymous_2)
FNDA:0,(anonymous_3)
FNDA:0,(anonymous_4)
FNDA:0,(anonymous_5)
FNDA:0,(anonymous_6)
FNDA:0,(anonymous_7)
FNDA:6,(anonymous_8)
FNDA:6,(anonymous_9)
FNDA:2,(anonymous_10)
FNDA:2,(anonymous_11)
DA:1,14
DA:2,14
DA:4,14
DA:6,14
DA:8,0
DA:15,0
DA:19,14
DA:21,0
DA:28,0
DA:32,14
DA:34,0
DA:41,0
DA:45,14
DA:47,6
DA:54,6
DA:58,14
DA:60,2
DA:67,2
LF:18
LH:12
BRDA:10,0,0,0
BRDA:10,0,1,0
BRDA:35,1,0,0
BRDA:35,1,1,0
BRDA:48,2,0,6
BRDA:48,2,1,0
BRDA:4,3,0,14
BRDA:4,3,1,14
BRF:8
BRH:3
end_of_record
TN:
SF:src\infra\database\connection.ts
FNF:0
FNH:0
DA:1,16
DA:2,16
DA:3,16
DA:5,16
DA:7,16
DA:18,16
LF:6
LH:6
BRF:0
BRH:0
end_of_record
TN:
SF:src\infra\http\HttpStatusCode.ts
FN:1,(anonymous_0)
FNF:1
FNH:1
FNDA:14,(anonymous_0)
DA:1,14
DA:2,14
DA:3,14
DA:4,14
DA:5,14
DA:7,14
DA:9,14
DA:10,14
DA:11,14
LF:9
LH:9
BRDA:1,0,0,14
BRDA:1,0,1,14
BRF:2
BRH:2
end_of_record
TN:
SF:src\infra\jwt\AuthenticationProviderJWT.ts
FN:10,(anonymous_8)
FN:11,(anonymous_10)
FN:32,(anonymous_11)
FN:33,(anonymous_13)
FNF:4
FNH:2
FNDA:2,(anonymous_8)
FNDA:2,(anonymous_10)
FNDA:0,(anonymous_11)
FNDA:0,(anonymous_13)
DA:1,2
DA:2,2
DA:5,2
DA:8,2
DA:11,2
DA:12,2
DA:14,2
DA:15,2
DA:19,2
DA:24,2
DA:27,0
DA:33,0
DA:34,0
DA:35,0
DA:36,0
DA:38,0
LF:16
LH:10
BRF:0
BRH:0
end_of_record
TN:
SF:src\infra\provider\EncriptPasswordProviderBycript.ts
FN:4,(anonymous_13)
FN:12,(anonymous_15)
FNF:2
FNH:1
FNDA:4,(anonymous_13)
FNDA:0,(anonymous_15)
DA:1,2
DA:3,2
DA:5,4
DA:6,4
DA:7,2
DA:9,2
DA:13,0
DA:14,0
DA:16,0
LF:9
LH:6
BRF:0
BRH:0
end_of_record
TN:
SF:src\infra\repository\Authentication\AuthenticationRepositorySQL.ts
FN:7,(anonymous_8)
FNF:1
FNH:0
FNDA:0,(anonymous_8)
DA:3,4
DA:5,4
DA:8,0
DA:9,0
DA:10,0
DA:12,0
LF:6
LH:2
BRF:0
BRH:0
end_of_record
TN:
SF:src\infra\repository\Project\ProjectRepositorySQL.ts
FN:8,(anonymous_8)
FN:16,(anonymous_10)
FN:29,(anonymous_12)
FN:42,(anonymous_14)
FN:55,(anonymous_16)
FNF:5
FNH:0
FNDA:0,(anonymous_8)
FNDA:0,(anonymous_10)
FNDA:0,(anonymous_12)
FNDA:0,(anonymous_14)
FNDA:0,(anonymous_16)
DA:1,8
DA:4,8
DA:6,8
DA:9,0
DA:10,0
DA:12,0
DA:17,0
DA:18,0
DA:19,0
DA:20,0
DA:25,0
DA:30,0
DA:31,0
DA:32,0
DA:33,0
DA:38,0
DA:43,0
DA:44,0
DA:45,0
DA:46,0
DA:51,0
DA:56,0
DA:57,0
DA:59,0
LF:24
LH:3
BRF:0
BRH:0
end_of_record
TN:
SF:src\infra\repository\Task\TaskRepositorySQL.ts
FN:8,(anonymous_8)
FN:16,(anonymous_10)
FN:29,(anonymous_12)
FN:42,(anonymous_14)
FN:55,(anonymous_16)
FNF:5
FNH:0
FNDA:0,(anonymous_8)
FNDA:0,(anonymous_10)
FNDA:0,(anonymous_12)
FNDA:0,(anonymous_14)
FNDA:0,(anonymous_16)
DA:1,4
DA:4,4
DA:6,4
DA:9,0
DA:10,0
DA:12,0
DA:17,0
DA:18,0
DA:19,0
DA:20,0
DA:25,0
DA:30,0
DA:31,0
DA:32,0
DA:33,0
DA:38,0
DA:43,0
DA:44,0
DA:45,0
DA:46,0
DA:51,0
DA:56,0
DA:57,0
DA:59,0
LF:24
LH:3
BRF:0
BRH:0
end_of_record
TN:
SF:src\usecase\Authentication\AuthenticationUseCase.ts
FN:19,(anonymous_8)
FN:29,(anonymous_9)
FNF:2
FNH:2
FNDA:10,(anonymous_8)
FNDA:10,(anonymous_9)
DA:1,2
DA:2,2
DA:3,2
DA:13,2
DA:24,10
DA:25,10
DA:26,10
DA:30,10
DA:32,10
DA:34,10
DA:35,4
DA:37,10
DA:38,4
DA:40,10
DA:41,6
DA:44,4
DA:46,4
DA:47,0
DA:50,4
DA:52,2
DA:53,0
DA:56,2
DA:57,2
DA:62,2
DA:65,2
LF:25
LH:23
BRDA:34,0,0,4
BRDA:37,1,0,4
BRDA:40,2,0,6
BRDA:46,3,0,0
BRDA:52,4,0,0
BRF:5
BRH:3
end_of_record
TN:
SF:src\usecase\Project\DestroyProjectUseCase.ts
FN:13,(anonymous_8)
FN:17,(anonymous_9)
FNF:2
FNH:2
FNDA:2,(anonymous_8)
FNDA:2,(anonymous_9)
DA:1,2
DA:3,2
DA:5,2
DA:9,2
DA:14,2
DA:18,2
DA:19,2
DA:20,2
DA:22,0
LF:9
LH:8
BRF:0
BRH:0
end_of_record
TN:
SF:src\usecase\Project\IndexProjectUseCase.ts
FN:13,(anonymous_8)
FN:17,(anonymous_9)
FNF:2
FNH:2
FNDA:2,(anonymous_8)
FNDA:2,(anonymous_9)
DA:1,2
DA:3,2
DA:5,2
DA:9,2
DA:14,2
DA:18,2
DA:19,2
DA:20,2
DA:22,0
LF:9
LH:8
BRF:0
BRH:0
end_of_record
TN:
SF:src\usecase\Project\SaveProjectUseCase.ts
FN:13,(anonymous_8)
FN:17,(anonymous_9)
FNF:2
FNH:2
FNDA:2,(anonymous_8)
FNDA:2,(anonymous_9)
DA:1,2
DA:3,2
DA:5,2
DA:9,2
DA:14,2
DA:18,2
DA:20,2
DA:22,2
DA:23,0
DA:26,2
DA:27,0
DA:30,2
DA:31,2
DA:33,0
LF:14
LH:11
BRDA:22,0,0,0
BRDA:26,1,0,0
BRF:2
BRH:0
end_of_record
TN:
SF:src\usecase\Project\UpdateProjectUseCase.ts
FN:13,(anonymous_8)
FN:17,(anonymous_9)
FNF:2
FNH:2
FNDA:2,(anonymous_8)
FNDA:2,(anonymous_9)
DA:1,2
DA:3,2
DA:5,2
DA:9,2
DA:14,2
DA:18,2
DA:19,2
DA:20,2
DA:22,0
LF:9
LH:8
BRF:0
BRH:0
end_of_record
TN:
SF:src\usecase\Task\DestroyTaskUseCase.ts
FN:13,(anonymous_8)
FN:17,(anonymous_9)
FNF:2
FNH:2
FNDA:1,(anonymous_8)
FNDA:1,(anonymous_9)
DA:1,1
DA:3,1
DA:5,1
DA:9,1
DA:14,1
DA:18,1
DA:19,1
DA:20,1
DA:22,0
LF:9
LH:8
BRF:0
BRH:0
end_of_record
TN:
SF:src\usecase\Task\IndexTaskUseCase.ts
FN:13,(anonymous_8)
FN:17,(anonymous_9)
FNF:2
FNH:2
FNDA:1,(anonymous_8)
FNDA:1,(anonymous_9)
DA:1,1
DA:3,1
DA:5,1
DA:9,1
DA:14,1
DA:18,1
DA:19,1
DA:20,1
DA:22,0
LF:9
LH:8
BRF:0
BRH:0
end_of_record
TN:
SF:src\usecase\Task\SaveTaskUseCase.ts
FN:13,(anonymous_8)
FN:17,(anonymous_9)
FNF:2
FNH:2
FNDA:1,(anonymous_8)
FNDA:1,(anonymous_9)
DA:1,1
DA:3,1
DA:5,1
DA:9,1
DA:14,1
DA:18,1
DA:20,1
DA:22,1
DA:23,0
DA:26,1
DA:27,0
DA:30,1
DA:31,0
DA:34,1
DA:35,1
DA:37,0
LF:16
LH:12
BRDA:22,0,0,0
BRDA:26,1,0,0
BRDA:30,2,0,0
BRF:3
BRH:0
end_of_record
TN:
SF:src\usecase\Task\UpdateTaskUseCase.ts
FN:13,(anonymous_8)
FN:17,(anonymous_9)
FNF:2
FNH:2
FNDA:1,(anonymous_8)
FNDA:1,(anonymous_9)
DA:1,1
DA:3,1
DA:5,1
DA:9,1
DA:14,1
DA:18,1
DA:19,1
DA:20,1
DA:22,0
LF:9
LH:8
BRF:0
BRH:0
end_of_record
